<?xml version="1.0" encoding="UTF-8"?>
<testsuites>
  <testsuite name="Smoketest suite" timestamp="2023-03-28T21:49:46" time="1.576" tests="1" failures="0" errors="0" skipped="0">
    <properties>
      <property name="specId" value="0"/>
      <property name="suiteName" value="Smoketest suite"/>
      <property name="capabilities" value="chrome.111_0_5563_147.windows"/>
      <property name="file" value="file:///F:/learnWebdriverIO-main/test/specs/test.spec.js"/>
    </properties>
    <testcase classname="chrome.111_0_5563_147.windows.Smoketest_suite" name="First test" time="1.573">
      <system-out><![CDATA[
COMMAND: POST /session/00f27052a0a2fd23a32ba99d2a47a7fe/url - {"url":"https://ej2.syncfusion.com/showcase/angular/appointmentplanner/#/doctors"}
RESULT: {"url":"https://ej2.syncfusion.com/showcase/angular/appointmentplanner/#/doctors"}
COMMAND: POST /session/00f27052a0a2fd23a32ba99d2a47a7fe/element - {"using":"xpath","value":"//button[text()='Add New Doctor']"}
RESULT: {"using":"xpath","value":"//button[text()='Add New Doctor']"}
COMMAND: POST /session/00f27052a0a2fd23a32ba99d2a47a7fe/element/da6f0da1-71b8-4927-a6e9-7b083417db58/click - {}
RESULT: {}
COMMAND: POST /session/00f27052a0a2fd23a32ba99d2a47a7fe/element - {"using":"css selector","value":".doctor-name > input"}
RESULT: {"using":"css selector","value":".doctor-name > input"}
COMMAND: POST /session/00f27052a0a2fd23a32ba99d2a47a7fe/element/d7fbd87f-3806-4a0e-81e8-c95aed863e9b/clear - {}
RESULT: {}
COMMAND: POST /session/00f27052a0a2fd23a32ba99d2a47a7fe/element/d7fbd87f-3806-4a0e-81e8-c95aed863e9b/value - {"text":"John Doe"}
RESULT: {"text":"John Doe"}
COMMAND: POST /session/00f27052a0a2fd23a32ba99d2a47a7fe/element - {"using":"xpath","value":"//button[text()='Save']"}
RESULT: {"using":"xpath","value":"//button[text()='Save']"}
COMMAND: POST /session/00f27052a0a2fd23a32ba99d2a47a7fe/element/bdc7f3d1-810c-4a95-9a0d-ab3857552653/click - {}
RESULT: {}
COMMAND: POST /session/00f27052a0a2fd23a32ba99d2a47a7fe/element - {"using":"css selector","value":"label#Email-info"}
RESULT: {"using":"css selector","value":"label#Email-info"}
COMMAND: GET /session/00f27052a0a2fd23a32ba99d2a47a7fe/element/910e9d2a-73e7-42f6-9d1a-c11ef5977c46/text - {}
RESULT: {}
COMMAND: DELETE /session/00f27052a0a2fd23a32ba99d2a47a7fe - {}
RESULT: {}
]]></system-out>
    </testcase>
  </testsuite>
</testsuites>